<?xml version="1.0" encoding="UTF-8"?>
<!-- Generated by org.testng.reporters.JUnitXMLReporter -->
<testsuite ignored="4" hostname="LTIN486368" failures="0" tests="7" name="Test" time="50.048" errors="0" timestamp="2024-04-10T22:22:50 IST">
  <testcase classname="TestCase.TC_001" name="search_functionality" time="7.958"/>
  <testcase classname="TestCase.TC_001" name="filter_functionality" time="4.853"/>
  <testcase classname="TestCase.TC_001" name="check_sortfuction" time="1.534"/>
  <testcase classname="TestCase.TC_001" name="check_and_print" time="1.066"/>
  <testcase classname="TestCase.TC_002" name="submenu_printcheck" time="5.288"/>
  <testcase classname="TestCase.TC_003" name="choose_giftcard_validate" time="10.658"/>
  <testcase classname="TestCase.TC_003" name="checkout_validation" time="1.877"/>
  <testcase classname="factory.base" name="@BeforeTest driverSetup" time="0.0">
    <ignored/>
  </testcase> <!-- @BeforeTest driverSetup -->
  <testcase classname="factory.base" name="@AfterTest closeBrowser" time="0.0">
    <ignored/>
  </testcase> <!-- @AfterTest closeBrowser -->
  <testcase classname="factory.base" name="@BeforeTest driverSetup" time="0.0">
    <ignored/>
  </testcase> <!-- @BeforeTest driverSetup -->
  <testcase classname="factory.base" name="@AfterTest closeBrowser" time="0.0">
    <ignored/>
  </testcase> <!-- @AfterTest closeBrowser -->
</testsuite> <!-- Test -->
