<?xml version="1.0" encoding="UTF-8"?>
<testng-results ignored="0" total="7" passed="7" failed="0" skipped="0">
  <reporter-output>
  </reporter-output>
  <suite started-at="2024-04-10T22:21:59 IST" name="Suite" finished-at="2024-04-10T22:22:49 IST" duration-ms="50048">
    <groups>
      <group name="regression">
        <method signature="TC_002.submenu_printcheck()[pri:0, instance:TestCase.TC_002@3d34d211]" name="submenu_printcheck" class="TestCase.TC_002"/>
        <method signature="TC_003.checkout_validation()[pri:1, instance:TestCase.TC_003@7dc0f706]" name="checkout_validation" class="TestCase.TC_003"/>
        <method signature="TC_001.check_sortfuction()[pri:2, instance:TestCase.TC_001@70325e14]" name="check_sortfuction" class="TestCase.TC_001"/>
        <method signature="TC_001.check_and_print()[pri:3, instance:TestCase.TC_001@70325e14]" name="check_and_print" class="TestCase.TC_001"/>
      </group> <!-- regression -->
      <group name="smoke">
        <method signature="TC_001.search_functionality()[pri:0, instance:TestCase.TC_001@70325e14]" name="search_functionality" class="TestCase.TC_001"/>
        <method signature="TC_003.choose_giftcard_validate()[pri:0, instance:TestCase.TC_003@7dc0f706]" name="choose_giftcard_validate" class="TestCase.TC_003"/>
        <method signature="TC_001.filter_functionality()[pri:1, instance:TestCase.TC_001@70325e14]" name="filter_functionality" class="TestCase.TC_001"/>
      </group> <!-- smoke -->
    </groups>
    <test started-at="2024-04-10T22:21:59 IST" name="Test" finished-at="2024-04-10T22:22:49 IST" duration-ms="50048">
      <class name="TestCase.TC_003">
        <test-method signature="choose_giftcard_validate()[pri:0, instance:TestCase.TC_003@7dc0f706]" started-at="2024-04-10T22:22:32 IST" name="choose_giftcard_validate" finished-at="2024-04-10T22:22:42 IST" duration-ms="10658" status="PASS">
          <reporter-output>
          </reporter-output>
        </test-method> <!-- choose_giftcard_validate -->
        <test-method signature="checkout_validation()[pri:1, instance:TestCase.TC_003@7dc0f706]" started-at="2024-04-10T22:22:42 IST" name="checkout_validation" finished-at="2024-04-10T22:22:44 IST" duration-ms="1877" status="PASS">
          <reporter-output>
          </reporter-output>
        </test-method> <!-- checkout_validation -->
      </class> <!-- TestCase.TC_003 -->
      <class name="TestCase.TC_002">
        <test-method signature="submenu_printcheck()[pri:0, instance:TestCase.TC_002@3d34d211]" started-at="2024-04-10T22:22:26 IST" name="submenu_printcheck" finished-at="2024-04-10T22:22:32 IST" duration-ms="5288" status="PASS">
          <reporter-output>
          </reporter-output>
        </test-method> <!-- submenu_printcheck -->
      </class> <!-- TestCase.TC_002 -->
      <class name="TestCase.TC_001">
        <test-method is-config="true" signature="driverSetup(java.lang.String)[pri:0, instance:TestCase.TC_001@70325e14]" started-at="2024-04-10T22:21:59 IST" name="driverSetup" finished-at="2024-04-10T22:22:11 IST" duration-ms="11575" status="PASS">
          <params>
            <param index="0">
              <value>
                <![CDATA[chrome]]>
              </value>
            </param>
          </params>
          <reporter-output>
          </reporter-output>
        </test-method> <!-- driverSetup -->
        <test-method signature="search_functionality()[pri:0, instance:TestCase.TC_001@70325e14]" started-at="2024-04-10T22:22:11 IST" name="search_functionality" finished-at="2024-04-10T22:22:19 IST" duration-ms="7958" status="PASS">
          <reporter-output>
          </reporter-output>
        </test-method> <!-- search_functionality -->
        <test-method signature="filter_functionality()[pri:1, instance:TestCase.TC_001@70325e14]" started-at="2024-04-10T22:22:19 IST" name="filter_functionality" finished-at="2024-04-10T22:22:24 IST" duration-ms="4853" status="PASS">
          <reporter-output>
          </reporter-output>
        </test-method> <!-- filter_functionality -->
        <test-method signature="check_sortfuction()[pri:2, instance:TestCase.TC_001@70325e14]" started-at="2024-04-10T22:22:24 IST" name="check_sortfuction" finished-at="2024-04-10T22:22:25 IST" duration-ms="1534" status="PASS">
          <reporter-output>
          </reporter-output>
        </test-method> <!-- check_sortfuction -->
        <test-method signature="check_and_print()[pri:3, instance:TestCase.TC_001@70325e14]" started-at="2024-04-10T22:22:25 IST" name="check_and_print" finished-at="2024-04-10T22:22:26 IST" duration-ms="1066" status="PASS">
          <reporter-output>
          </reporter-output>
        </test-method> <!-- check_and_print -->
        <test-method is-config="true" signature="closeBrowser()[pri:0, instance:TestCase.TC_001@70325e14]" started-at="2024-04-10T22:22:44 IST" name="closeBrowser" finished-at="2024-04-10T22:22:49 IST" duration-ms="4564" status="PASS">
          <reporter-output>
          </reporter-output>
        </test-method> <!-- closeBrowser -->
      </class> <!-- TestCase.TC_001 -->
    </test> <!-- Test -->
  </suite> <!-- Suite -->
</testng-results>
